<?xml version="1.0" encoding="UTF-8"?>
<testng-results skipped="0" failed="0" ignored="0" total="8" passed="8">
  <reporter-output>
  </reporter-output>
  <suite name="Default suite" duration-ms="134" started-at="2019-01-06T23:26:02Z" finished-at="2019-01-06T23:26:02Z">
    <groups>
    </groups>
    <test name="Default test" duration-ms="134" started-at="2019-01-06T23:26:02Z" finished-at="2019-01-06T23:26:02Z">
      <class name="TestearCosas.TestearCosas.Tests">
        <test-method status="PASS" signature="mismoObjeto()[pri:0, instance:TestearCosas.TestearCosas.Tests@29774679]" name="mismoObjeto" duration-ms="26" started-at="2019-01-06T23:26:02Z" finished-at="2019-01-06T23:26:02Z">
          <reporter-output>
          </reporter-output>
        </test-method> <!-- mismoObjeto -->
        <test-method status="PASS" signature="noMismoObjeto()[pri:0, instance:TestearCosas.TestearCosas.Tests@29774679]" name="noMismoObjeto" duration-ms="6" started-at="2019-01-06T23:26:02Z" finished-at="2019-01-06T23:26:02Z">
          <reporter-output>
          </reporter-output>
        </test-method> <!-- noMismoObjeto -->
        <test-method status="PASS" signature="testDeNulo()[pri:0, instance:TestearCosas.TestearCosas.Tests@29774679]" name="testDeNulo" duration-ms="5" started-at="2019-01-06T23:26:02Z" finished-at="2019-01-06T23:26:02Z">
          <reporter-output>
          </reporter-output>
        </test-method> <!-- testDeNulo -->
        <test-method status="PASS" signature="testNulo()[pri:0, instance:TestearCosas.TestearCosas.Tests@29774679]" name="testNulo" duration-ms="2" started-at="2019-01-06T23:26:02Z" finished-at="2019-01-06T23:26:02Z">
          <reporter-output>
          </reporter-output>
        </test-method> <!-- testNulo -->
        <test-method status="PASS" signature="testNumeroFalso()[pri:0, instance:TestearCosas.TestearCosas.Tests@29774679]" name="testNumeroFalso" duration-ms="2" started-at="2019-01-06T23:26:02Z" finished-at="2019-01-06T23:26:02Z">
          <reporter-output>
          </reporter-output>
        </test-method> <!-- testNumeroFalso -->
        <test-method status="PASS" signature="testNumeroVerdadero()[pri:0, instance:TestearCosas.TestearCosas.Tests@29774679]" name="testNumeroVerdadero" duration-ms="4" started-at="2019-01-06T23:26:02Z" finished-at="2019-01-06T23:26:02Z">
          <reporter-output>
          </reporter-output>
        </test-method> <!-- testNumeroVerdadero -->
        <test-method status="PASS" signature="testNumerosIguales()[pri:0, instance:TestearCosas.TestearCosas.Tests@29774679]" name="testNumerosIguales" duration-ms="3" started-at="2019-01-06T23:26:02Z" finished-at="2019-01-06T23:26:02Z">
          <reporter-output>
          </reporter-output>
        </test-method> <!-- testNumerosIguales -->
        <test-method status="PASS" signature="testNumerosNoIguales()[pri:0, instance:TestearCosas.TestearCosas.Tests@29774679]" name="testNumerosNoIguales" duration-ms="2" started-at="2019-01-06T23:26:02Z" finished-at="2019-01-06T23:26:02Z">
          <reporter-output>
          </reporter-output>
        </test-method> <!-- testNumerosNoIguales -->
      </class> <!-- TestearCosas.TestearCosas.Tests -->
    </test> <!-- Default test -->
  </suite> <!-- Default suite -->
</testng-results>
