<?xml version="1.0" encoding="UTF-8"?>
<testng-results skipped="0" failed="0" ignored="0" total="1" passed="1">
  <reporter-output>
  </reporter-output>
  <suite name="Default suite" duration-ms="75" started-at="2018-12-27T10:10:21Z" finished-at="2018-12-27T10:10:21Z">
    <groups>
    </groups>
    <test name="Default test" duration-ms="75" started-at="2018-12-27T10:10:21Z" finished-at="2018-12-27T10:10:21Z">
      <class name="TestearCosas.TestearCosas.Tests">
        <test-method status="PASS" signature="testNumeroVerdadero()[pri:0, instance:TestearCosas.TestearCosas.Tests@36d4b5c]" name="testNumeroVerdadero" duration-ms="21" started-at="2018-12-27T10:10:21Z" finished-at="2018-12-27T10:10:21Z">
          <reporter-output>
          </reporter-output>
        </test-method> <!-- testNumeroVerdadero -->
      </class> <!-- TestearCosas.TestearCosas.Tests -->
    </test> <!-- Default test -->
  </suite> <!-- Default suite -->
</testng-results>
