<?xml version="1.0" encoding="UTF-8"?>
<!-- Generated by org.testng.reporters.JUnitXMLReporter -->
<testsuite hostname="Ger-PC" ignored="0" name="Default test" tests="8" failures="0" timestamp="06 ene 2019 23:26:02 GMT" time="0.134" errors="0">
  <testcase name="mismoObjeto" time="0.026" classname="TestearCosas.TestearCosas.Tests"/>
  <testcase name="noMismoObjeto" time="0.006" classname="TestearCosas.TestearCosas.Tests"/>
  <testcase name="testDeNulo" time="0.005" classname="TestearCosas.TestearCosas.Tests"/>
  <testcase name="testNulo" time="0.002" classname="TestearCosas.TestearCosas.Tests"/>
  <testcase name="testNumeroFalso" time="0.002" classname="TestearCosas.TestearCosas.Tests"/>
  <testcase name="testNumeroVerdadero" time="0.004" classname="TestearCosas.TestearCosas.Tests"/>
  <testcase name="testNumerosIguales" time="0.003" classname="TestearCosas.TestearCosas.Tests"/>
  <testcase name="testNumerosNoIguales" time="0.002" classname="TestearCosas.TestearCosas.Tests"/>
</testsuite> <!-- Default test -->
